<?xml version="1.0" encoding="UTF-8"?>
<!-- Generated by org.testng.reporters.JUnitReportReporter -->
<testsuite skipped="0" hostname="BUK30LAP4000491" name="net.metrosystesm.seleniumdemo.test2.Testing" tests="1" failures="0" timestamp="2020-04-20T20:22:22 EEST" time="0.008" errors="0">
  <testcase name="websiteTest1" time="0.008" classname="net.metrosystesm.seleniumdemo.test2.Testing"/>
  <system-out/>
</testsuite> <!-- net.metrosystesm.seleniumdemo.test2.Testing -->
