<?xml version="1.0" encoding="UTF-8"?>
<!-- Generated by org.testng.reporters.JUnitReportReporter -->
<testsuite skipped="0" hostname="BUK30LAP4000491" name="net.metrosystems.seleniumdemo.test.SeleniumTest1" tests="1" failures="0" timestamp="2020-04-16T13:25:09 EEST" time="13.989" errors="0">
  <testcase name="myFirstTest" time="13.989" classname="net.metrosystems.seleniumdemo.test.SeleniumTest1"/>
  <system-out/>
</testsuite> <!-- net.metrosystems.seleniumdemo.test.SeleniumTest1 -->
