<?xml version="1.0" encoding="UTF-8"?>
<!-- Generated by org.testng.reporters.JUnitReportReporter -->
<testsuite skipped="0" hostname="BUK30LAP4000491" name="net.metrosystems.seleniumdemo.test.WebsiteTest" tests="2" failures="0" timestamp="2020-04-18T16:58:38 EEST" time="13.740" errors="0">
  <testcase name="myFirstTest" time="7.860" classname="net.metrosystems.seleniumdemo.test.WebsiteTest"/>
  <system-out/>
  <testcase name="websiteTestURL" time="5.880" classname="net.metrosystems.seleniumdemo.test.WebsiteTest"/>
  <system-out/>
</testsuite> <!-- net.metrosystems.seleniumdemo.test.WebsiteTest -->
