<?xml version="1.0" encoding="UTF-8"?>
<!-- Generated by org.testng.reporters.JUnitReportReporter -->
<testsuite skipped="0" hostname="BUK30LAP4000491" name="net.metrosystems.demo.tests.TestWebsites" tests="2" failures="0" timestamp="2020-04-20T21:03:42 EEST" time="17.146" errors="0">
  <testcase name="websiteTestURL" time="17.141" classname="net.metrosystems.demo.tests.TestWebsites"/>
  <system-out/>
  <testcase name="websiteTest1" time="0.005" classname="net.metrosystems.demo.tests.TestWebsites"/>
  <system-out/>
</testsuite> <!-- net.metrosystems.demo.tests.TestWebsites -->
