<?xml version="1.0" encoding="UTF-8"?>
<!-- Generated by org.testng.reporters.JUnitReportReporter -->
<testsuite skipped="0" hostname="BUK30LAP4000491" name="net.metrosystems.demo.tests.WebsitesTest" tests="1" failures="0" timestamp="2020-04-26T20:45:06 EEST" time="18.602" errors="0">
  <testcase name="websiteTestURL" time="18.602" classname="net.metrosystems.demo.tests.WebsitesTest"/>
  <system-out/>
</testsuite> <!-- net.metrosystems.demo.tests.WebsitesTest -->
