<?xml version="1.0" encoding="UTF-8"?>
<!-- Generated by org.testng.reporters.JUnitReportReporter -->
<testsuite skipped="0" hostname="BUK30LAP4000491" name="net.metrosystems.seleniumdemo.test.TestWebsites" tests="2" failures="0" timestamp="2020-04-20T20:28:47 EEST" time="17.344" errors="0">
  <testcase name="websiteTestURL" time="17.338" classname="net.metrosystems.seleniumdemo.test.TestWebsites"/>
  <system-out/>
  <testcase name="websiteTest1" time="0.006" classname="net.metrosystems.seleniumdemo.test.TestWebsites"/>
  <system-out/>
</testsuite> <!-- net.metrosystems.seleniumdemo.test.TestWebsites -->
