<?xml version="1.0" encoding="UTF-8"?>
<!-- Generated by org.testng.reporters.JUnitReportReporter -->
<testsuite skipped="0" hostname="BUK30LAP4000491" name="net.metrosystems.seleniumdemo.test.SeleniumDriver" tests="1" failures="0" timestamp="2020-04-18T18:20:17 EEST" time="10.845" errors="0">
  <testcase name="setDriverPath" time="10.845" classname="net.metrosystems.seleniumdemo.test.SeleniumDriver"/>
  <system-out/>
</testsuite> <!-- net.metrosystems.seleniumdemo.test.SeleniumDriver -->
